log4j: Parsing for [root] with value=[INFO, R, stdout ].
log4j: Level token is [INFO].
log4j: Category root set to INFO
log4j: Parsing appender named "R".
log4j: Parsing layout options for "R".
log4j: Setting property [conversionPattern] to [%d{yyyy-MM-dd HH:mm:ss.SSSS} %5p [%t] (%F:%L) - %m%n].
log4j: End of parsing for "R".
log4j: Setting property [threshold] to [INFO].
log4j: Setting property [file] to [./sos-source-injector.log ].
log4j: Setting property [maxFileSize] to [1MB ].
log4j: Setting property [maxBackupIndex] to [5].
log4j: setFile called: ./sos-source-injector.log, true
log4j: setFile ended
log4j: Parsed "R" options.
log4j: Parsing appender named "stdout".
log4j: Parsing layout options for "stdout".
log4j: Setting property [conversionPattern] to [%5p [%t] (%F:%L) - %m%n].
log4j: End of parsing for "stdout".
log4j: Parsed "stdout" options.
log4j: Finished configuring.
 INFO [main] (Main.scala:20) - USING: Starting Timer
 INFO [main] (Main.scala:107) - SOS URL: http://localhost:8080/52n-sos-ioos/sos
 INFO [main] (Main.scala:108) - Database URL: jdbc:postgresql://localhost:5432/SOSMetadata
 INFO [main] (Main.scala:109) - Database Username: postgres
 INFO [main] (Main.scala:110) - Database Password: samantha2.1
 INFO [main] (Main.scala:111) - country: USA
 INFO [main] (Main.scala:112) - email: dmac@glos.us
 INFO [main] (Main.scala:113) - name: GLOS
 INFO [main] (Main.scala:114) - webAddress: http://glos.us
 INFO [main] (ObservationUpdaterFactory.scala:62) - Getting observations from item: com.axiomalaska.sos.ObservationUpdater@655deab0
 INFO [main] (SosSourcesManager.scala:66) - Running updater: com.axiomalaska.sos.ObservationUpdater@655deab0
 INFO [main] (NdbcObservationRetriever.scala:35) - NDBC: Collecting for station - 45002
 INFO [main] (NdbcObservationRetriever.scala:35) - NDBC: Collecting for station - 45002
 INFO [main] (NdbcObservationRetriever.scala:35) - NDBC: Collecting for station - 45002
 INFO [main] (NdbcObservationRetriever.scala:35) - NDBC: Collecting for station - 45002
 INFO [main] (NdbcObservationRetriever.scala:35) - NDBC: Collecting for station - 45002
 INFO [main] (NdbcObservationRetriever.scala:35) - NDBC: Collecting for station - 45002
 INFO [main] (NdbcObservationRetriever.scala:35) - NDBC: Collecting for station - 45002
 INFO [main] (NdbcObservationRetriever.scala:35) - NDBC: Collecting for station - 45002
 INFO [main] (NdbcObservationRetriever.scala:35) - NDBC: Collecting for station - 45002
 INFO [main] (NdbcObservationRetriever.scala:35) - NDBC: Collecting for station - 45002
 INFO [main] (NdbcObservationRetriever.scala:35) - NDBC: Collecting for station - 45002
 INFO [main] (NdbcObservationRetriever.scala:35) - NDBC: Collecting for station - 45002
 INFO [main] (NdbcObservationRetriever.scala:35) - NDBC: Collecting for station - 45002
 INFO [main] (NdbcObservationRetriever.scala:35) - NDBC: Collecting for station - 45002
 INFO [main] (NdbcObservationRetriever.scala:35) - NDBC: Collecting for station - 45002
 INFO [main] (NdbcObservationRetriever.scala:35) - NDBC: Collecting for station - 45002
 INFO [main] (NdbcObservationRetriever.scala:35) - NDBC: Collecting for station - 45003
 INFO [main] (ObservationSubmitter.java:318) - Inputed 1 observations from sensor: urn:ioos:sensor:ndbc:45003:sea_surface_wave_significant_height phenomenon: http://mmisw.org/ont/cf/parameter/sea_surface_wave_significant_height
 INFO [main] (NdbcObservationRetriever.scala:35) - NDBC: Collecting for station - 45003
 INFO [main] (ObservationSubmitter.java:318) - Inputed 1 observations from sensor: urn:ioos:sensor:ndbc:45003:wind_speed_of_gust phenomenon: http://mmisw.org/ont/cf/parameter/wind_speed_of_gust
 INFO [main] (NdbcObservationRetriever.scala:35) - NDBC: Collecting for station - 45003
 INFO [main] (NdbcObservationRetriever.scala:35) - NDBC: Collecting for station - 45003
 INFO [main] (NdbcObservationRetriever.scala:35) - NDBC: Collecting for station - 45003
 INFO [main] (NdbcObservationRetriever.scala:35) - NDBC: Collecting for station - 45003
 INFO [main] (NdbcObservationRetriever.scala:35) - NDBC: Collecting for station - 45003
 INFO [main] (NdbcObservationRetriever.scala:35) - NDBC: Collecting for station - 45003
 INFO [main] (NdbcObservationRetriever.scala:35) - NDBC: Collecting for station - 45003
 INFO [main] (ObservationSubmitter.java:318) - Inputed 1 observations from sensor: urn:ioos:sensor:ndbc:45003:wind_from_direction phenomenon: http://mmisw.org/ont/cf/parameter/wind_from_direction
 INFO [main] (NdbcObservationRetriever.scala:35) - NDBC: Collecting for station - 45003
 INFO [main] (ObservationSubmitter.java:318) - Inputed 1 observations from sensor: urn:ioos:sensor:ndbc:45003:sea_water_temperature phenomenon: http://mmisw.org/ont/cf/parameter/sea_water_temperature
 INFO [main] (NdbcObservationRetriever.scala:35) - NDBC: Collecting for station - 45003
 INFO [main] (NdbcObservationRetriever.scala:35) - NDBC: Collecting for station - 45003
 INFO [main] (ObservationSubmitter.java:318) - Inputed 1 observations from sensor: urn:ioos:sensor:ndbc:45003:wind_speed phenomenon: http://mmisw.org/ont/cf/parameter/wind_speed
 INFO [main] (NdbcObservationRetriever.scala:35) - NDBC: Collecting for station - 45003
 INFO [main] (ObservationSubmitter.java:318) - Inputed 1 observations from sensor: urn:ioos:sensor:ndbc:45003:sea_surface_dominant_wave_period phenomenon: http://mmisw.org/ont/aoos/parameter/sea_surface_dominant_wave_period
 INFO [main] (NdbcObservationRetriever.scala:35) - NDBC: Collecting for station - 45003
 INFO [main] (NdbcObservationRetriever.scala:35) - NDBC: Collecting for station - 45003
 INFO [main] (ObservationSubmitter.java:318) - Inputed 1 observations from sensor: urn:ioos:sensor:ndbc:45003:air_temperature phenomenon: http://mmisw.org/ont/cf/parameter/air_temperature
 INFO [main] (NdbcObservationRetriever.scala:35) - NDBC: Collecting for station - 45003
 INFO [main] (NdbcObservationRetriever.scala:35) - NDBC: Collecting for station - 45003
 INFO [main] (ObservationSubmitter.java:318) - Inputed 1 observations from sensor: urn:ioos:sensor:ndbc:45003:sea_level_pressure phenomenon: http://mmisw.org/ont/glos/parameter/sea_level_pressure
 INFO [main] (NdbcObservationRetriever.scala:35) - NDBC: Collecting for station - 45005
 INFO [main] (NdbcObservationRetriever.scala:35) - NDBC: Collecting for station - 45005
 INFO [main] (NdbcObservationRetriever.scala:35) - NDBC: Collecting for station - 45005
 INFO [main] (NdbcObservationRetriever.scala:35) - NDBC: Collecting for station - 45005
 INFO [main] (NdbcObservationRetriever.scala:35) - NDBC: Collecting for station - 45005
 INFO [main] (NdbcObservationRetriever.scala:35) - NDBC: Collecting for station - 45005
 INFO [main] (NdbcObservationRetriever.scala:35) - NDBC: Collecting for station - 45005
 INFO [main] (NdbcObservationRetriever.scala:35) - NDBC: Collecting for station - 45005
 INFO [main] (NdbcObservationRetriever.scala:35) - NDBC: Collecting for station - 45005
 INFO [main] (NdbcObservationRetriever.scala:35) - NDBC: Collecting for station - 45007
 INFO [main] (NdbcObservationRetriever.scala:35) - NDBC: Collecting for station - 45007
 INFO [main] (NdbcObservationRetriever.scala:35) - NDBC: Collecting for station - 45007
 INFO [main] (NdbcObservationRetriever.scala:35) - NDBC: Collecting for station - 45007
 INFO [main] (NdbcObservationRetriever.scala:35) - NDBC: Collecting for station - 45007
 INFO [main] (NdbcObservationRetriever.scala:35) - NDBC: Collecting for station - 45007
 INFO [main] (NdbcObservationRetriever.scala:35) - NDBC: Collecting for station - 45007
 INFO [main] (NdbcObservationRetriever.scala:35) - NDBC: Collecting for station - 45007
 INFO [main] (NdbcObservationRetriever.scala:35) - NDBC: Collecting for station - 45007
 INFO [main] (NdbcObservationRetriever.scala:35) - NDBC: Collecting for station - 45007
 INFO [main] (NdbcObservationRetriever.scala:35) - NDBC: Collecting for station - 45007
 INFO [main] (NdbcObservationRetriever.scala:35) - NDBC: Collecting for station - 45007
 INFO [main] (NdbcObservationRetriever.scala:35) - NDBC: Collecting for station - 45007
 INFO [main] (NdbcObservationRetriever.scala:35) - NDBC: Collecting for station - 45007
 INFO [main] (NdbcObservationRetriever.scala:35) - NDBC: Collecting for station - 45007
 INFO [main] (NdbcObservationRetriever.scala:35) - NDBC: Collecting for station - 45007
 INFO [main] (NdbcObservationRetriever.scala:35) - NDBC: Collecting for station - 45008
 INFO [main] (ObservationSubmitter.java:318) - Inputed 1 observations from sensor: urn:ioos:sensor:ndbc:45008:sea_surface_wave_significant_height phenomenon: http://mmisw.org/ont/cf/parameter/sea_surface_wave_significant_height
 INFO [main] (NdbcObservationRetriever.scala:35) - NDBC: Collecting for station - 45008
 INFO [main] (ObservationSubmitter.java:318) - Inputed 1 observations from sensor: urn:ioos:sensor:ndbc:45008:wind_speed_of_gust phenomenon: http://mmisw.org/ont/cf/parameter/wind_speed_of_gust
 INFO [main] (NdbcObservationRetriever.scala:35) - NDBC: Collecting for station - 45008
 INFO [main] (ObservationSubmitter.java:318) - Inputed 1 observations from sensor: urn:ioos:sensor:ndbc:45008:sea_surface_swell_wave_significant_height phenomenon: http://mmisw.org/ont/cf/parameter/sea_surface_swell_wave_significant_height
 INFO [main] (NdbcObservationRetriever.scala:35) - NDBC: Collecting for station - 45008
 INFO [main] (ObservationSubmitter.java:318) - Inputed 1 observations from sensor: urn:ioos:sensor:ndbc:45008:sea_surface_wave_mean_period phenomenon: http://mmisw.org/ont/aoos/parameter/sea_surface_wave_mean_period
 INFO [main] (NdbcObservationRetriever.scala:35) - NDBC: Collecting for station - 45008
 INFO [main] (ObservationSubmitter.java:318) - Inputed 1 observations from sensor: urn:ioos:sensor:ndbc:45008:sea_surface_wind_wave_significant_height phenomenon: http://mmisw.org/ont/cf/parameter/sea_surface_wind_wave_significant_height
 INFO [main] (NdbcObservationRetriever.scala:35) - NDBC: Collecting for station - 45008
 INFO [main] (ObservationSubmitter.java:318) - Inputed 1 observations from sensor: urn:ioos:sensor:ndbc:45008:sea_surface_wind_wave_to_direction phenomenon: http://mmisw.org/ont/cf/parameter/sea_surface_wind_wave_to_direction
 INFO [main] (NdbcObservationRetriever.scala:35) - NDBC: Collecting for station - 45008
 INFO [main] (NdbcObservationRetriever.scala:35) - NDBC: Collecting for station - 45008
 INFO [main] (ObservationSubmitter.java:318) - Inputed 1 observations from sensor: urn:ioos:sensor:ndbc:45008:sea_surface_swell_wave_period phenomenon: http://mmisw.org/ont/cf/parameter/sea_surface_swell_wave_period
 INFO [main] (NdbcObservationRetriever.scala:35) - NDBC: Collecting for station - 45008
 INFO [main] (ObservationSubmitter.java:318) - Inputed 1 observations from sensor: urn:ioos:sensor:ndbc:45008:wind_from_direction phenomenon: http://mmisw.org/ont/cf/parameter/wind_from_direction
 INFO [main] (NdbcObservationRetriever.scala:35) - NDBC: Collecting for station - 45008
 INFO [main] (ObservationSubmitter.java:318) - Inputed 1 observations from sensor: urn:ioos:sensor:ndbc:45008:sea_water_temperature phenomenon: http://mmisw.org/ont/cf/parameter/sea_water_temperature
 INFO [main] (NdbcObservationRetriever.scala:35) - NDBC: Collecting for station - 45008
 INFO [main] (ObservationSubmitter.java:318) - Inputed 1 observations from sensor: urn:ioos:sensor:ndbc:45008:sea_surface_wind_wave_period phenomenon: http://mmisw.org/ont/cf/parameter/sea_surface_wind_wave_period
 INFO [main] (NdbcObservationRetriever.scala:35) - NDBC: Collecting for station - 45008
 INFO [main] (ObservationSubmitter.java:318) - Inputed 1 observations from sensor: urn:ioos:sensor:ndbc:45008:wind_speed phenomenon: http://mmisw.org/ont/cf/parameter/wind_speed
 INFO [main] (NdbcObservationRetriever.scala:35) - NDBC: Collecting for station - 45008
 INFO [main] (ObservationSubmitter.java:318) - Inputed 1 observations from sensor: urn:ioos:sensor:ndbc:45008:sea_surface_dominant_wave_period phenomenon: http://mmisw.org/ont/aoos/parameter/sea_surface_dominant_wave_period
 INFO [main] (NdbcObservationRetriever.scala:35) - NDBC: Collecting for station - 45008
 INFO [main] (ObservationSubmitter.java:318) - Inputed 1 observations from sensor: urn:ioos:sensor:ndbc:45008:sea_surface_dominant_wave_to_direction phenomenon: http://mmisw.org/ont/aoos/parameter/sea_surface_dominant_wave_to_direction
 INFO [main] (NdbcObservationRetriever.scala:35) - NDBC: Collecting for station - 45008
 INFO [main] (ObservationSubmitter.java:318) - Inputed 1 observations from sensor: urn:ioos:sensor:ndbc:45008:air_temperature phenomenon: http://mmisw.org/ont/cf/parameter/air_temperature
 INFO [main] (NdbcObservationRetriever.scala:35) - NDBC: Collecting for station - 45008
 INFO [main] (ObservationSubmitter.java:318) - Inputed 1 observations from sensor: urn:ioos:sensor:ndbc:45008:sea_surface_swell_wave_to_direction phenomenon: http://mmisw.org/ont/cf/parameter/sea_surface_swell_wave_to_direction
 INFO [main] (NdbcObservationRetriever.scala:35) - NDBC: Collecting for station - 45008
 INFO [main] (ObservationSubmitter.java:318) - Inputed 1 observations from sensor: urn:ioos:sensor:ndbc:45008:sea_level_pressure phenomenon: http://mmisw.org/ont/glos/parameter/sea_level_pressure
 INFO [main] (NdbcObservationRetriever.scala:35) - NDBC: Collecting for station - DBLN6
 INFO [main] (ObservationSubmitter.java:318) - Inputed 1 observations from sensor: urn:ioos:sensor:ndbc:DBLN6:wind_speed_of_gust phenomenon: http://mmisw.org/ont/cf/parameter/wind_speed_of_gust
 INFO [main] (NdbcObservationRetriever.scala:35) - NDBC: Collecting for station - DBLN6
 INFO [main] (NdbcObservationRetriever.scala:35) - NDBC: Collecting for station - DBLN6
 INFO [main] (ObservationSubmitter.java:318) - Inputed 1 observations from sensor: urn:ioos:sensor:ndbc:DBLN6:wind_from_direction phenomenon: http://mmisw.org/ont/cf/parameter/wind_from_direction
 INFO [main] (NdbcObservationRetriever.scala:35) - NDBC: Collecting for station - DBLN6
 INFO [main] (ObservationSubmitter.java:318) - Inputed 1 observations from sensor: urn:ioos:sensor:ndbc:DBLN6:wind_speed phenomenon: http://mmisw.org/ont/cf/parameter/wind_speed
 INFO [main] (NdbcObservationRetriever.scala:35) - NDBC: Collecting for station - DBLN6
 INFO [main] (ObservationSubmitter.java:318) - Inputed 1 observations from sensor: urn:ioos:sensor:ndbc:DBLN6:air_temperature phenomenon: http://mmisw.org/ont/cf/parameter/air_temperature
 INFO [main] (NdbcObservationRetriever.scala:35) - NDBC: Collecting for station - DBLN6
 INFO [main] (ObservationSubmitter.java:318) - Inputed 1 observations from sensor: urn:ioos:sensor:ndbc:DBLN6:sea_level_pressure phenomenon: http://mmisw.org/ont/glos/parameter/sea_level_pressure
 INFO [main] (NdbcObservationRetriever.scala:35) - NDBC: Collecting for station - DISW3
 INFO [main] (ObservationSubmitter.java:318) - Inputed 1 observations from sensor: urn:ioos:sensor:ndbc:DISW3:wind_speed_of_gust phenomenon: http://mmisw.org/ont/cf/parameter/wind_speed_of_gust
 INFO [main] (NdbcObservationRetriever.scala:35) - NDBC: Collecting for station - DISW3
 INFO [main] (NdbcObservationRetriever.scala:35) - NDBC: Collecting for station - DISW3
 INFO [main] (ObservationSubmitter.java:318) - Inputed 1 observations from sensor: urn:ioos:sensor:ndbc:DISW3:wind_from_direction phenomenon: http://mmisw.org/ont/cf/parameter/wind_from_direction
 INFO [main] (NdbcObservationRetriever.scala:35) - NDBC: Collecting for station - DISW3
 INFO [main] (ObservationSubmitter.java:318) - Inputed 1 observations from sensor: urn:ioos:sensor:ndbc:DISW3:wind_speed phenomenon: http://mmisw.org/ont/cf/parameter/wind_speed
 INFO [main] (NdbcObservationRetriever.scala:35) - NDBC: Collecting for station - DISW3
 INFO [main] (ObservationSubmitter.java:318) - Inputed 1 observations from sensor: urn:ioos:sensor:ndbc:DISW3:dew_point_temperature phenomenon: http://mmisw.org/ont/cf/parameter/dew_point_temperature
 INFO [main] (NdbcObservationRetriever.scala:35) - NDBC: Collecting for station - DISW3
 INFO [main] (ObservationSubmitter.java:318) - Inputed 1 observations from sensor: urn:ioos:sensor:ndbc:DISW3:air_temperature phenomenon: http://mmisw.org/ont/cf/parameter/air_temperature
 INFO [main] (NdbcObservationRetriever.scala:35) - NDBC: Collecting for station - DISW3
 INFO [main] (ObservationSubmitter.java:318) - Inputed 1 observations from sensor: urn:ioos:sensor:ndbc:DISW3:sea_level_pressure phenomenon: http://mmisw.org/ont/glos/parameter/sea_level_pressure
 INFO [main] (NdbcObservationRetriever.scala:35) - NDBC: Collecting for station - PILM4
 INFO [main] (ObservationSubmitter.java:318) - Inputed 1 observations from sensor: urn:ioos:sensor:ndbc:PILM4:wind_speed_of_gust phenomenon: http://mmisw.org/ont/cf/parameter/wind_speed_of_gust
 INFO [main] (NdbcObservationRetriever.scala:35) - NDBC: Collecting for station - PILM4
 INFO [main] (NdbcObservationRetriever.scala:35) - NDBC: Collecting for station - PILM4
 INFO [main] (ObservationSubmitter.java:318) - Inputed 1 observations from sensor: urn:ioos:sensor:ndbc:PILM4:wind_from_direction phenomenon: http://mmisw.org/ont/cf/parameter/wind_from_direction
 INFO [main] (NdbcObservationRetriever.scala:35) - NDBC: Collecting for station - PILM4
 INFO [main] (ObservationSubmitter.java:318) - Inputed 1 observations from sensor: urn:ioos:sensor:ndbc:PILM4:wind_speed phenomenon: http://mmisw.org/ont/cf/parameter/wind_speed
 INFO [main] (NdbcObservationRetriever.scala:35) - NDBC: Collecting for station - PILM4
 INFO [main] (ObservationSubmitter.java:318) - Inputed 1 observations from sensor: urn:ioos:sensor:ndbc:PILM4:air_temperature phenomenon: http://mmisw.org/ont/cf/parameter/air_temperature
 INFO [main] (NdbcObservationRetriever.scala:35) - NDBC: Collecting for station - PILM4
 INFO [main] (ObservationSubmitter.java:318) - Inputed 1 observations from sensor: urn:ioos:sensor:ndbc:PILM4:sea_level_pressure phenomenon: http://mmisw.org/ont/glos/parameter/sea_level_pressure
 INFO [main] (NdbcObservationRetriever.scala:35) - NDBC: Collecting for station - ROAM4
 INFO [main] (ObservationSubmitter.java:318) - Inputed 1 observations from sensor: urn:ioos:sensor:ndbc:ROAM4:wind_speed_of_gust phenomenon: http://mmisw.org/ont/cf/parameter/wind_speed_of_gust
 INFO [main] (NdbcObservationRetriever.scala:35) - NDBC: Collecting for station - ROAM4
 INFO [main] (NdbcObservationRetriever.scala:35) - NDBC: Collecting for station - ROAM4
 INFO [main] (ObservationSubmitter.java:318) - Inputed 1 observations from sensor: urn:ioos:sensor:ndbc:ROAM4:wind_from_direction phenomenon: http://mmisw.org/ont/cf/parameter/wind_from_direction
 INFO [main] (NdbcObservationRetriever.scala:35) - NDBC: Collecting for station - ROAM4
 INFO [main] (ObservationSubmitter.java:318) - Inputed 1 observations from sensor: urn:ioos:sensor:ndbc:ROAM4:wind_speed phenomenon: http://mmisw.org/ont/cf/parameter/wind_speed
 INFO [main] (NdbcObservationRetriever.scala:35) - NDBC: Collecting for station - ROAM4
 INFO [main] (ObservationSubmitter.java:318) - Inputed 1 observations from sensor: urn:ioos:sensor:ndbc:ROAM4:sea_level_pressure phenomenon: http://mmisw.org/ont/glos/parameter/sea_level_pressure
 INFO [main] (NdbcObservationRetriever.scala:35) - NDBC: Collecting for station - SBIO1
 INFO [main] (ObservationSubmitter.java:318) - Inputed 1 observations from sensor: urn:ioos:sensor:ndbc:SBIO1:wind_speed_of_gust phenomenon: http://mmisw.org/ont/cf/parameter/wind_speed_of_gust
 INFO [main] (NdbcObservationRetriever.scala:35) - NDBC: Collecting for station - SBIO1
 INFO [main] (NdbcObservationRetriever.scala:35) - NDBC: Collecting for station - SBIO1
 INFO [main] (ObservationSubmitter.java:318) - Inputed 1 observations from sensor: urn:ioos:sensor:ndbc:SBIO1:wind_from_direction phenomenon: http://mmisw.org/ont/cf/parameter/wind_from_direction
 INFO [main] (NdbcObservationRetriever.scala:35) - NDBC: Collecting for station - SBIO1
 INFO [main] (ObservationSubmitter.java:318) - Inputed 1 observations from sensor: urn:ioos:sensor:ndbc:SBIO1:wind_speed phenomenon: http://mmisw.org/ont/cf/parameter/wind_speed
 INFO [main] (NdbcObservationRetriever.scala:35) - NDBC: Collecting for station - SBIO1
 INFO [main] (ObservationSubmitter.java:318) - Inputed 1 observations from sensor: urn:ioos:sensor:ndbc:SBIO1:air_temperature phenomenon: http://mmisw.org/ont/cf/parameter/air_temperature
 INFO [main] (NdbcObservationRetriever.scala:35) - NDBC: Collecting for station - SBIO1
 INFO [main] (ObservationSubmitter.java:318) - Inputed 1 observations from sensor: urn:ioos:sensor:ndbc:SBIO1:sea_level_pressure phenomenon: http://mmisw.org/ont/glos/parameter/sea_level_pressure
 INFO [main] (NdbcObservationRetriever.scala:35) - NDBC: Collecting for station - SGNW3
 INFO [main] (ObservationSubmitter.java:318) - Inputed 1 observations from sensor: urn:ioos:sensor:ndbc:SGNW3:wind_speed_of_gust phenomenon: http://mmisw.org/ont/cf/parameter/wind_speed_of_gust
 INFO [main] (NdbcObservationRetriever.scala:35) - NDBC: Collecting for station - SGNW3
 INFO [main] (NdbcObservationRetriever.scala:35) - NDBC: Collecting for station - SGNW3
 INFO [main] (ObservationSubmitter.java:318) - Inputed 1 observations from sensor: urn:ioos:sensor:ndbc:SGNW3:wind_from_direction phenomenon: http://mmisw.org/ont/cf/parameter/wind_from_direction
 INFO [main] (NdbcObservationRetriever.scala:35) - NDBC: Collecting for station - SGNW3
 INFO [main] (ObservationSubmitter.java:318) - Inputed 1 observations from sensor: urn:ioos:sensor:ndbc:SGNW3:sea_water_temperature phenomenon: http://mmisw.org/ont/cf/parameter/sea_water_temperature
 INFO [main] (NdbcObservationRetriever.scala:35) - NDBC: Collecting for station - SGNW3
 INFO [main] (ObservationSubmitter.java:318) - Inputed 1 observations from sensor: urn:ioos:sensor:ndbc:SGNW3:wind_speed phenomenon: http://mmisw.org/ont/cf/parameter/wind_speed
 INFO [main] (NdbcObservationRetriever.scala:35) - NDBC: Collecting for station - SGNW3
 INFO [main] (ObservationSubmitter.java:318) - Inputed 1 observations from sensor: urn:ioos:sensor:ndbc:SGNW3:dew_point_temperature phenomenon: http://mmisw.org/ont/cf/parameter/dew_point_temperature
 INFO [main] (NdbcObservationRetriever.scala:35) - NDBC: Collecting for station - SGNW3
 INFO [main] (ObservationSubmitter.java:318) - Inputed 1 observations from sensor: urn:ioos:sensor:ndbc:SGNW3:air_temperature phenomenon: http://mmisw.org/ont/cf/parameter/air_temperature
 INFO [main] (NdbcObservationRetriever.scala:35) - NDBC: Collecting for station - SGNW3
 INFO [main] (ObservationSubmitter.java:318) - Inputed 1 observations from sensor: urn:ioos:sensor:ndbc:SGNW3:sea_level_pressure phenomenon: http://mmisw.org/ont/glos/parameter/sea_level_pressure
 INFO [main] (NdbcObservationRetriever.scala:35) - NDBC: Collecting for station - STDM4
 INFO [main] (ObservationSubmitter.java:318) - Inputed 1 observations from sensor: urn:ioos:sensor:ndbc:STDM4:wind_speed_of_gust phenomenon: http://mmisw.org/ont/cf/parameter/wind_speed_of_gust
 INFO [main] (NdbcObservationRetriever.scala:35) - NDBC: Collecting for station - STDM4
 INFO [main] (NdbcObservationRetriever.scala:35) - NDBC: Collecting for station - STDM4
 INFO [main] (ObservationSubmitter.java:318) - Inputed 1 observations from sensor: urn:ioos:sensor:ndbc:STDM4:wind_from_direction phenomenon: http://mmisw.org/ont/cf/parameter/wind_from_direction
 INFO [main] (NdbcObservationRetriever.scala:35) - NDBC: Collecting for station - STDM4
 INFO [main] (ObservationSubmitter.java:318) - Inputed 1 observations from sensor: urn:ioos:sensor:ndbc:STDM4:wind_speed phenomenon: http://mmisw.org/ont/cf/parameter/wind_speed
 INFO [main] (NdbcObservationRetriever.scala:35) - NDBC: Collecting for station - STDM4
 INFO [main] (ObservationSubmitter.java:318) - Inputed 1 observations from sensor: urn:ioos:sensor:ndbc:STDM4:dew_point_temperature phenomenon: http://mmisw.org/ont/cf/parameter/dew_point_temperature
 INFO [main] (NdbcObservationRetriever.scala:35) - NDBC: Collecting for station - STDM4
 INFO [main] (ObservationSubmitter.java:318) - Inputed 1 observations from sensor: urn:ioos:sensor:ndbc:STDM4:air_temperature phenomenon: http://mmisw.org/ont/cf/parameter/air_temperature
 INFO [main] (NdbcObservationRetriever.scala:35) - NDBC: Collecting for station - STDM4
 INFO [main] (ObservationSubmitter.java:318) - Inputed 1 observations from sensor: urn:ioos:sensor:ndbc:STDM4:sea_level_pressure phenomenon: http://mmisw.org/ont/glos/parameter/sea_level_pressure
 INFO [main] (NdbcIsoWriter.scala:49) - writing latitude: 45.344 longitude: -86.411 date: 12-4-2012
 INFO [main] (NdbcIsoWriter.scala:38) - wrote to./iso/NORTH MICHIGAN- Halfway between North Manitou and Washington Islands..xml
 INFO [main] (NdbcIsoWriter.scala:49) - writing latitude: 45.351 longitude: -82.84 date: 12-4-2012
 INFO [main] (NdbcIsoWriter.scala:38) - wrote to./iso/NORTH HURON - 32NM Northeast of Alpena, MI.xml
 INFO [main] (NdbcIsoWriter.scala:49) - writing latitude: 41.677 longitude: -82.398 date: 12-4-2012
 INFO [main] (NdbcIsoWriter.scala:38) - wrote to./iso/WEST ERIE - 16 NM NW of Lorain, OH.xml
 INFO [main] (NdbcIsoWriter.scala:49) - writing latitude: 42.674 longitude: -87.026 date: 12-4-2012
 INFO [main] (NdbcIsoWriter.scala:38) - wrote to./iso/SOUTH MICHIGAN - 43NM East Southeast of Milwaukee, WI.xml
 INFO [main] (NdbcIsoWriter.scala:49) - writing latitude: 44.283 longitude: -82.416 date: 12-4-2012
 INFO [main] (NdbcIsoWriter.scala:38) - wrote to./iso/SOUTH HURON - 43NM East of Oscoda, MI.xml
 INFO [main] (NdbcIsoWriter.scala:49) - writing latitude: 42.493 longitude: -79.353 date: 12-4-2012
 INFO [main] (NdbcIsoWriter.scala:38) - wrote to./iso/Dunkirk, NY.xml
 INFO [main] (NdbcIsoWriter.scala:49) - writing latitude: 47.08 longitude: -90.728 date: 12-4-2012
 INFO [main] (NdbcIsoWriter.scala:38) - wrote to./iso/Devils Island, WI.xml
 INFO [main] (NdbcIsoWriter.scala:49) - writing latitude: 48.223 longitude: -88.367 date: 12-4-2012
 INFO [main] (NdbcIsoWriter.scala:38) - wrote to./iso/Passage Island, MI.xml
 INFO [main] (NdbcIsoWriter.scala:49) - writing latitude: 47.867 longitude: -89.313 date: 12-4-2012
 INFO [main] (NdbcIsoWriter.scala:38) - wrote to./iso/Rock of Ages, MI.xml
 INFO [main] (NdbcIsoWriter.scala:49) - writing latitude: 41.628 longitude: -82.842 date: 12-4-2012
 INFO [main] (NdbcIsoWriter.scala:38) - wrote to./iso/South Bass Island, OH.xml
 INFO [main] (NdbcIsoWriter.scala:49) - writing latitude: 43.75 longitude: -87.692 date: 12-4-2012
 INFO [main] (NdbcIsoWriter.scala:38) - wrote to./iso/Sheboygan, WI.xml
 INFO [main] (NdbcIsoWriter.scala:49) - writing latitude: 47.183 longitude: -87.225 date: 12-4-2012
 INFO [main] (NdbcIsoWriter.scala:38) - wrote to./iso/Stannard Rock, MI.xml
 INFO [main] (Main.scala:45) - Total Elapsed Time for harvesting (in secs): 31
